{
    "/home/ruo/my_project/py-editor/server/api-proxy.js": {
        "path": "/home/ruo/my_project/py-editor/server/api-proxy.js",
        "statementMap": {
            "0": { "start": { "line": 6, "column": 14 }, "end": { "line": 6, "column": 30 } },
            "1": { "start": { "line": 7, "column": 13 }, "end": { "line": 7, "column": 28 } },
            "2": { "start": { "line": 8, "column": 16 }, "end": { "line": 8, "column": 30 } },
            "3": { "start": { "line": 16, "column": 68 }, "end": { "line": 16, "column": 75 } },
            "4": { "start": { "line": 18, "column": 4 }, "end": { "line": 120, "column": 7 } },
            "5": { "start": { "line": 19, "column": 8 }, "end": { "line": 119, "column": 9 } },
            "6": { "start": { "line": 21, "column": 28 }, "end": { "line": 21, "column": 40 } },
            "7": { "start": { "line": 24, "column": 12 }, "end": { "line": 28, "column": 15 } },
            "8": { "start": { "line": 25, "column": 16 }, "end": { "line": 27, "column": 17 } },
            "9": { "start": { "line": 26, "column": 20 }, "end": { "line": 26, "column": 62 } },
            "10": { "start": { "line": 31, "column": 35 }, "end": { "line": 31, "column": 37 } },
            "11": { "start": { "line": 32, "column": 12 }, "end": { "line": 36, "column": 15 } },
            "12": { "start": { "line": 33, "column": 16 }, "end": { "line": 35, "column": 17 } },
            "13": { "start": { "line": 34, "column": 20 }, "end": { "line": 34, "column": 48 } },
            "14": { "start": { "line": 39, "column": 12 }, "end": { "line": 43, "column": 13 } },
            "15": { "start": { "line": 40, "column": 16 }, "end": { "line": 42, "column": 17 } },
            "16": { "start": { "line": 41, "column": 20 }, "end": { "line": 41, "column": 72 } },
            "17": { "start": { "line": 46, "column": 29 }, "end": { "line": 46, "column": 75 } },
            "18": { "start": { "line": 49, "column": 31 }, "end": { "line": 56, "column": 13 } },
            "19": { "start": { "line": 58, "column": 24 }, "end": { "line": 99, "column": 14 } },
            "20": { "start": { "line": 59, "column": 31 }, "end": { "line": 59, "column": 33 } },
            "21": { "start": { "line": 60, "column": 36 }, "end": { "line": 60, "column": 69 } },
            "22": { "start": { "line": 63, "column": 16 }, "end": { "line": 72, "column": 17 } },
            "23": { "start": { "line": 64, "column": 20 }, "end": { "line": 70, "column": 23 } },
            "24": { "start": { "line": 71, "column": 20 }, "end": { "line": 71, "column": 27 } },
            "25": { "start": { "line": 75, "column": 16 }, "end": { "line": 77, "column": 19 } },
            "26": { "start": { "line": 76, "column": 20 }, "end": { "line": 76, "column": 39 } },
            "27": { "start": { "line": 79, "column": 16 }, "end": { "line": 98, "column": 19 } },
            "28": { "start": { "line": 80, "column": 35 }, "end": { "line": 80, "column": 56 } },
            "29": { "start": { "line": 81, "column": 41 }, "end": { "line": 81, "column": 65 } },
            "30": { "start": { "line": 84, "column": 37 }, "end": { "line": 84, "column": 49 } },
            "31": { "start": { "line": 85, "column": 20 }, "end": { "line": 89, "column": 21 } },
            "32": { "start": { "line": 86, "column": 24 }, "end": { "line": 86, "column": 62 } },
            "33": { "start": { "line": 91, "column": 20 }, "end": { "line": 97, "column": 23 } },
            "34": { "start": { "line": 101, "column": 12 }, "end": { "line": 103, "column": 15 } },
            "35": { "start": { "line": 102, "column": 16 }, "end": { "line": 102, "column": 70 } },
            "36": { "start": { "line": 105, "column": 12 }, "end": { "line": 108, "column": 15 } },
            "37": { "start": { "line": 106, "column": 16 }, "end": { "line": 106, "column": 30 } },
            "38": { "start": { "line": 107, "column": 16 }, "end": { "line": 107, "column": 53 } },
            "39": { "start": { "line": 111, "column": 12 }, "end": { "line": 114, "column": 13 } },
            "40": { "start": { "line": 112, "column": 35 }, "end": { "line": 112, "column": 89 } },
            "41": { "start": { "line": 113, "column": 16 }, "end": { "line": 113, "column": 38 } },
            "42": { "start": { "line": 116, "column": 12 }, "end": { "line": 116, "column": 22 } },
            "43": { "start": { "line": 118, "column": 12 }, "end": { "line": 118, "column": 67 } },
            "44": { "start": { "line": 123, "column": 0 }, "end": { "line": 123, "column": 34 } }
        },
        "fnMap": {
            "0": {
                "name": "proxyRequest",
                "decl": {
                    "start": { "line": 15, "column": 15 },
                    "end": { "line": 15, "column": 27 }
                },
                "loc": {
                    "start": { "line": 15, "column": 37 },
                    "end": { "line": 121, "column": 1 }
                },
                "line": 15
            },
            "1": {
                "name": "(anonymous_1)",
                "decl": {
                    "start": { "line": 18, "column": 23 },
                    "end": { "line": 18, "column": 24 }
                },
                "loc": {
                    "start": { "line": 18, "column": 44 },
                    "end": { "line": 120, "column": 5 }
                },
                "line": 18
            },
            "2": {
                "name": "(anonymous_2)",
                "decl": {
                    "start": { "line": 24, "column": 27 },
                    "end": { "line": 24, "column": 28 }
                },
                "loc": {
                    "start": { "line": 24, "column": 47 },
                    "end": { "line": 28, "column": 13 }
                },
                "line": 24
            },
            "3": {
                "name": "(anonymous_3)",
                "decl": {
                    "start": { "line": 32, "column": 28 },
                    "end": { "line": 32, "column": 29 }
                },
                "loc": {
                    "start": { "line": 32, "column": 48 },
                    "end": { "line": 36, "column": 13 }
                },
                "line": 32
            },
            "4": {
                "name": "(anonymous_4)",
                "decl": {
                    "start": { "line": 58, "column": 53 },
                    "end": { "line": 58, "column": 54 }
                },
                "loc": {
                    "start": { "line": 58, "column": 62 },
                    "end": { "line": 99, "column": 13 }
                },
                "line": 58
            },
            "5": {
                "name": "(anonymous_5)",
                "decl": {
                    "start": { "line": 75, "column": 31 },
                    "end": { "line": 75, "column": 32 }
                },
                "loc": {
                    "start": { "line": 75, "column": 42 },
                    "end": { "line": 77, "column": 17 }
                },
                "line": 75
            },
            "6": {
                "name": "(anonymous_6)",
                "decl": {
                    "start": { "line": 79, "column": 30 },
                    "end": { "line": 79, "column": 31 }
                },
                "loc": {
                    "start": { "line": 79, "column": 36 },
                    "end": { "line": 98, "column": 17 }
                },
                "line": 79
            },
            "7": {
                "name": "(anonymous_7)",
                "decl": {
                    "start": { "line": 101, "column": 28 },
                    "end": { "line": 101, "column": 29 }
                },
                "loc": {
                    "start": { "line": 101, "column": 39 },
                    "end": { "line": 103, "column": 13 }
                },
                "line": 101
            },
            "8": {
                "name": "(anonymous_8)",
                "decl": {
                    "start": { "line": 105, "column": 30 },
                    "end": { "line": 105, "column": 31 }
                },
                "loc": {
                    "start": { "line": 105, "column": 36 },
                    "end": { "line": 108, "column": 13 }
                },
                "line": 105
            }
        },
        "branchMap": {
            "0": {
                "loc": {
                    "start": { "line": 16, "column": 25 },
                    "end": { "line": 16, "column": 37 }
                },
                "type": "default-arg",
                "locations": [
                    { "start": { "line": 16, "column": 35 }, "end": { "line": 16, "column": 37 } }
                ],
                "line": 16
            },
            "1": {
                "loc": {
                    "start": { "line": 16, "column": 39 },
                    "end": { "line": 16, "column": 50 }
                },
                "type": "default-arg",
                "locations": [
                    { "start": { "line": 16, "column": 48 }, "end": { "line": 16, "column": 50 } }
                ],
                "line": 16
            },
            "2": {
                "loc": {
                    "start": { "line": 16, "column": 52 },
                    "end": { "line": 16, "column": 63 }
                },
                "type": "default-arg",
                "locations": [
                    { "start": { "line": 16, "column": 59 }, "end": { "line": 16, "column": 63 } }
                ],
                "line": 16
            },
            "3": {
                "loc": {
                    "start": { "line": 25, "column": 16 },
                    "end": { "line": 27, "column": 17 }
                },
                "type": "if",
                "locations": [
                    { "start": { "line": 25, "column": 16 }, "end": { "line": 27, "column": 17 } },
                    { "start": {}, "end": {} }
                ],
                "line": 25
            },
            "4": {
                "loc": {
                    "start": { "line": 33, "column": 16 },
                    "end": { "line": 35, "column": 17 }
                },
                "type": "if",
                "locations": [
                    { "start": { "line": 33, "column": 16 }, "end": { "line": 35, "column": 17 } },
                    { "start": {}, "end": {} }
                ],
                "line": 33
            },
            "5": {
                "loc": {
                    "start": { "line": 39, "column": 12 },
                    "end": { "line": 43, "column": 13 }
                },
                "type": "if",
                "locations": [
                    { "start": { "line": 39, "column": 12 }, "end": { "line": 43, "column": 13 } },
                    { "start": {}, "end": {} }
                ],
                "line": 39
            },
            "6": {
                "loc": {
                    "start": { "line": 39, "column": 16 },
                    "end": { "line": 39, "column": 65 }
                },
                "type": "binary-expr",
                "locations": [
                    { "start": { "line": 39, "column": 16 }, "end": { "line": 39, "column": 20 } },
                    { "start": { "line": 39, "column": 24 }, "end": { "line": 39, "column": 65 } }
                ],
                "line": 39
            },
            "7": {
                "loc": {
                    "start": { "line": 40, "column": 16 },
                    "end": { "line": 42, "column": 17 }
                },
                "type": "if",
                "locations": [
                    { "start": { "line": 40, "column": 16 }, "end": { "line": 42, "column": 17 } },
                    { "start": {}, "end": {} }
                ],
                "line": 40
            },
            "8": {
                "loc": {
                    "start": { "line": 46, "column": 29 },
                    "end": { "line": 46, "column": 75 }
                },
                "type": "cond-expr",
                "locations": [
                    { "start": { "line": 46, "column": 63 }, "end": { "line": 46, "column": 68 } },
                    { "start": { "line": 46, "column": 71 }, "end": { "line": 46, "column": 75 } }
                ],
                "line": 46
            },
            "9": {
                "loc": {
                    "start": { "line": 60, "column": 36 },
                    "end": { "line": 60, "column": 69 }
                },
                "type": "binary-expr",
                "locations": [
                    { "start": { "line": 60, "column": 36 }, "end": { "line": 60, "column": 63 } },
                    { "start": { "line": 60, "column": 67 }, "end": { "line": 60, "column": 69 } }
                ],
                "line": 60
            },
            "10": {
                "loc": {
                    "start": { "line": 63, "column": 16 },
                    "end": { "line": 72, "column": 17 }
                },
                "type": "if",
                "locations": [
                    { "start": { "line": 63, "column": 16 }, "end": { "line": 72, "column": 17 } },
                    { "start": {}, "end": {} }
                ],
                "line": 63
            },
            "11": {
                "loc": {
                    "start": { "line": 111, "column": 12 },
                    "end": { "line": 114, "column": 13 }
                },
                "type": "if",
                "locations": [
                    {
                        "start": { "line": 111, "column": 12 },
                        "end": { "line": 114, "column": 13 }
                    },
                    { "start": {}, "end": {} }
                ],
                "line": 111
            },
            "12": {
                "loc": {
                    "start": { "line": 111, "column": 16 },
                    "end": { "line": 111, "column": 65 }
                },
                "type": "binary-expr",
                "locations": [
                    {
                        "start": { "line": 111, "column": 16 },
                        "end": { "line": 111, "column": 20 }
                    },
                    { "start": { "line": 111, "column": 24 }, "end": { "line": 111, "column": 65 } }
                ],
                "line": 111
            },
            "13": {
                "loc": {
                    "start": { "line": 112, "column": 35 },
                    "end": { "line": 112, "column": 89 }
                },
                "type": "cond-expr",
                "locations": [
                    {
                        "start": { "line": 112, "column": 62 },
                        "end": { "line": 112, "column": 66 }
                    },
                    { "start": { "line": 112, "column": 69 }, "end": { "line": 112, "column": 89 } }
                ],
                "line": 112
            }
        },
        "s": {
            "0": 2,
            "1": 2,
            "2": 2,
            "3": 0,
            "4": 0,
            "5": 0,
            "6": 0,
            "7": 0,
            "8": 0,
            "9": 0,
            "10": 0,
            "11": 0,
            "12": 0,
            "13": 0,
            "14": 0,
            "15": 0,
            "16": 0,
            "17": 0,
            "18": 0,
            "19": 0,
            "20": 0,
            "21": 0,
            "22": 0,
            "23": 0,
            "24": 0,
            "25": 0,
            "26": 0,
            "27": 0,
            "28": 0,
            "29": 0,
            "30": 0,
            "31": 0,
            "32": 0,
            "33": 0,
            "34": 0,
            "35": 0,
            "36": 0,
            "37": 0,
            "38": 0,
            "39": 0,
            "40": 0,
            "41": 0,
            "42": 0,
            "43": 0,
            "44": 2
        },
        "f": { "0": 0, "1": 0, "2": 0, "3": 0, "4": 0, "5": 0, "6": 0, "7": 0, "8": 0 },
        "b": {
            "0": [0],
            "1": [0],
            "2": [0],
            "3": [0, 0],
            "4": [0, 0],
            "5": [0, 0],
            "6": [0, 0],
            "7": [0, 0],
            "8": [0, 0],
            "9": [0, 0],
            "10": [0, 0],
            "11": [0, 0],
            "12": [0, 0],
            "13": [0, 0]
        },
        "_coverageSchema": "1a1c01bbd47fc00a2c39e90264f33305004495a9",
        "hash": "d84cb3651d42b48e5a241cde9e8ab0056afd61c6"
    },
    "/home/ruo/my_project/py-editor/server/routes/execution.js": {
        "path": "/home/ruo/my_project/py-editor/server/routes/execution.js",
        "statementMap": {
            "0": { "start": { "line": 5, "column": 16 }, "end": { "line": 5, "column": 34 } },
            "1": { "start": { "line": 6, "column": 15 }, "end": { "line": 6, "column": 31 } },
            "2": { "start": { "line": 7, "column": 25 }, "end": { "line": 7, "column": 64 } },
            "3": { "start": { "line": 8, "column": 24 }, "end": { "line": 8, "column": 53 } },
            "4": { "start": { "line": 9, "column": 25 }, "end": { "line": 9, "column": 48 } },
            "5": { "start": { "line": 12, "column": 0 }, "end": { "line": 20, "column": 3 } },
            "6": { "start": { "line": 13, "column": 4 }, "end": { "line": 19, "column": 5 } },
            "7": { "start": { "line": 14, "column": 35 }, "end": { "line": 14, "column": 43 } },
            "8": { "start": { "line": 15, "column": 23 }, "end": { "line": 15, "column": 73 } },
            "9": { "start": { "line": 16, "column": 8 }, "end": { "line": 16, "column": 25 } },
            "10": { "start": { "line": 18, "column": 8 }, "end": { "line": 18, "column": 55 } },
            "11": { "start": { "line": 23, "column": 0 }, "end": { "line": 38, "column": 3 } },
            "12": { "start": { "line": 24, "column": 4 }, "end": { "line": 37, "column": 5 } },
            "13": { "start": { "line": 25, "column": 42 }, "end": { "line": 25, "column": 50 } },
            "14": { "start": { "line": 26, "column": 25 }, "end": { "line": 26, "column": 41 } },
            "15": { "start": { "line": 28, "column": 23 }, "end": { "line": 32, "column": 10 } },
            "16": { "start": { "line": 34, "column": 8 }, "end": { "line": 34, "column": 25 } },
            "17": { "start": { "line": 36, "column": 8 }, "end": { "line": 36, "column": 55 } },
            "18": { "start": { "line": 41, "column": 0 }, "end": { "line": 68, "column": 3 } },
            "19": { "start": { "line": 42, "column": 4 }, "end": { "line": 67, "column": 5 } },
            "20": { "start": { "line": 43, "column": 23 }, "end": { "line": 43, "column": 51 } },
            "21": { "start": { "line": 46, "column": 8 }, "end": { "line": 64, "column": 9 } },
            "22": { "start": { "line": 47, "column": 12 }, "end": { "line": 47, "column": 63 } },
            "23": { "start": { "line": 48, "column": 12 }, "end": { "line": 48, "column": 55 } },
            "24": { "start": { "line": 49, "column": 12 }, "end": { "line": 49, "column": 54 } },
            "25": { "start": { "line": 52, "column": 12 }, "end": { "line": 52, "column": 36 } },
            "26": { "start": { "line": 54, "column": 12 }, "end": { "line": 56, "column": 15 } },
            "27": { "start": { "line": 55, "column": 16 }, "end": { "line": 55, "column": 26 } },
            "28": { "start": { "line": 58, "column": 12 }, "end": { "line": 60, "column": 15 } },
            "29": { "start": { "line": 59, "column": 16 }, "end": { "line": 59, "column": 26 } },
            "30": { "start": { "line": 63, "column": 12 }, "end": { "line": 63, "column": 29 } },
            "31": { "start": { "line": 66, "column": 8 }, "end": { "line": 66, "column": 55 } },
            "32": { "start": { "line": 70, "column": 0 }, "end": { "line": 70, "column": 24 } }
        },
        "fnMap": {
            "0": {
                "name": "(anonymous_0)",
                "decl": {
                    "start": { "line": 12, "column": 29 },
                    "end": { "line": 12, "column": 30 }
                },
                "loc": {
                    "start": { "line": 12, "column": 49 },
                    "end": { "line": 20, "column": 1 }
                },
                "line": 12
            },
            "1": {
                "name": "(anonymous_1)",
                "decl": {
                    "start": { "line": 23, "column": 24 },
                    "end": { "line": 23, "column": 25 }
                },
                "loc": {
                    "start": { "line": 23, "column": 44 },
                    "end": { "line": 38, "column": 1 }
                },
                "line": 23
            },
            "2": {
                "name": "(anonymous_2)",
                "decl": {
                    "start": { "line": 41, "column": 30 },
                    "end": { "line": 41, "column": 31 }
                },
                "loc": {
                    "start": { "line": 41, "column": 50 },
                    "end": { "line": 68, "column": 1 }
                },
                "line": 41
            },
            "3": {
                "name": "(anonymous_3)",
                "decl": {
                    "start": { "line": 54, "column": 36 },
                    "end": { "line": 54, "column": 37 }
                },
                "loc": {
                    "start": { "line": 54, "column": 42 },
                    "end": { "line": 56, "column": 13 }
                },
                "line": 54
            },
            "4": {
                "name": "(anonymous_4)",
                "decl": {
                    "start": { "line": 58, "column": 38 },
                    "end": { "line": 58, "column": 39 }
                },
                "loc": {
                    "start": { "line": 58, "column": 50 },
                    "end": { "line": 60, "column": 13 }
                },
                "line": 58
            }
        },
        "branchMap": {
            "0": {
                "loc": { "start": { "line": 46, "column": 8 }, "end": { "line": 64, "column": 9 } },
                "type": "if",
                "locations": [
                    { "start": { "line": 46, "column": 8 }, "end": { "line": 64, "column": 9 } },
                    { "start": { "line": 61, "column": 15 }, "end": { "line": 64, "column": 9 } }
                ],
                "line": 46
            }
        },
        "s": {
            "0": 2,
            "1": 2,
            "2": 2,
            "3": 2,
            "4": 2,
            "5": 2,
            "6": 12,
            "7": 12,
            "8": 12,
            "9": 12,
            "10": 0,
            "11": 2,
            "12": 26,
            "13": 26,
            "14": 26,
            "15": 26,
            "16": 26,
            "17": 0,
            "18": 2,
            "19": 0,
            "20": 0,
            "21": 0,
            "22": 0,
            "23": 0,
            "24": 0,
            "25": 0,
            "26": 0,
            "27": 0,
            "28": 0,
            "29": 0,
            "30": 0,
            "31": 0,
            "32": 2
        },
        "f": { "0": 12, "1": 26, "2": 0, "3": 0, "4": 0 },
        "b": { "0": [0, 0] },
        "_coverageSchema": "1a1c01bbd47fc00a2c39e90264f33305004495a9",
        "hash": "547d5a08f2d6fd01ea1b9e18287e3c5fd9b34621"
    },
    "/home/ruo/my_project/py-editor/server/routes/files.js": {
        "path": "/home/ruo/my_project/py-editor/server/routes/files.js",
        "statementMap": {
            "0": { "start": { "line": 5, "column": 16 }, "end": { "line": 5, "column": 34 } },
            "1": { "start": { "line": 6, "column": 13 }, "end": { "line": 6, "column": 28 } },
            "2": { "start": { "line": 7, "column": 15 }, "end": { "line": 7, "column": 31 } },
            "3": { "start": { "line": 8, "column": 20 }, "end": { "line": 8, "column": 54 } },
            "4": { "start": { "line": 9, "column": 24 }, "end": { "line": 9, "column": 53 } },
            "5": { "start": { "line": 12, "column": 0 }, "end": { "line": 24, "column": 3 } },
            "6": { "start": { "line": 13, "column": 4 }, "end": { "line": 23, "column": 5 } },
            "7": { "start": { "line": 14, "column": 25 }, "end": { "line": 14, "column": 41 } },
            "8": { "start": { "line": 15, "column": 22 }, "end": { "line": 15, "column": 81 } },
            "9": { "start": { "line": 17, "column": 8 }, "end": { "line": 20, "column": 11 } },
            "10": { "start": { "line": 22, "column": 8 }, "end": { "line": 22, "column": 55 } },
            "11": { "start": { "line": 27, "column": 0 }, "end": { "line": 41, "column": 3 } },
            "12": { "start": { "line": 28, "column": 4 }, "end": { "line": 40, "column": 5 } },
            "13": { "start": { "line": 29, "column": 25 }, "end": { "line": 29, "column": 41 } },
            "14": { "start": { "line": 30, "column": 28 }, "end": { "line": 30, "column": 61 } },
            "15": { "start": { "line": 31, "column": 25 }, "end": { "line": 31, "column": 57 } },
            "16": { "start": { "line": 32, "column": 24 }, "end": { "line": 32, "column": 60 } },
            "17": { "start": { "line": 33, "column": 8 }, "end": { "line": 33, "column": 30 } },
            "18": { "start": { "line": 35, "column": 8 }, "end": { "line": 39, "column": 9 } },
            "19": { "start": { "line": 36, "column": 12 }, "end": { "line": 36, "column": 62 } },
            "20": { "start": { "line": 38, "column": 12 }, "end": { "line": 38, "column": 59 } },
            "21": { "start": { "line": 44, "column": 0 }, "end": { "line": 56, "column": 3 } },
            "22": { "start": { "line": 45, "column": 4 }, "end": { "line": 55, "column": 5 } },
            "23": { "start": { "line": 46, "column": 25 }, "end": { "line": 46, "column": 41 } },
            "24": { "start": { "line": 47, "column": 28 }, "end": { "line": 47, "column": 61 } },
            "25": { "start": { "line": 48, "column": 25 }, "end": { "line": 48, "column": 57 } },
            "26": { "start": { "line": 49, "column": 28 }, "end": { "line": 49, "column": 36 } },
            "27": { "start": { "line": 51, "column": 8 }, "end": { "line": 51, "column": 55 } },
            "28": { "start": { "line": 52, "column": 8 }, "end": { "line": 52, "column": 36 } },
            "29": { "start": { "line": 54, "column": 8 }, "end": { "line": 54, "column": 55 } },
            "30": { "start": { "line": 59, "column": 0 }, "end": { "line": 70, "column": 3 } },
            "31": { "start": { "line": 60, "column": 4 }, "end": { "line": 69, "column": 5 } },
            "32": { "start": { "line": 61, "column": 25 }, "end": { "line": 61, "column": 41 } },
            "33": { "start": { "line": 62, "column": 28 }, "end": { "line": 62, "column": 61 } },
            "34": { "start": { "line": 63, "column": 25 }, "end": { "line": 63, "column": 57 } },
            "35": { "start": { "line": 65, "column": 8 }, "end": { "line": 65, "column": 47 } },
            "36": { "start": { "line": 66, "column": 8 }, "end": { "line": 66, "column": 36 } },
            "37": { "start": { "line": 68, "column": 8 }, "end": { "line": 68, "column": 55 } },
            "38": { "start": { "line": 72, "column": 0 }, "end": { "line": 72, "column": 24 } }
        },
        "fnMap": {
            "0": {
                "name": "(anonymous_0)",
                "decl": {
                    "start": { "line": 12, "column": 16 },
                    "end": { "line": 12, "column": 17 }
                },
                "loc": {
                    "start": { "line": 12, "column": 36 },
                    "end": { "line": 24, "column": 1 }
                },
                "line": 12
            },
            "1": {
                "name": "(anonymous_1)",
                "decl": {
                    "start": { "line": 27, "column": 17 },
                    "end": { "line": 27, "column": 18 }
                },
                "loc": {
                    "start": { "line": 27, "column": 37 },
                    "end": { "line": 41, "column": 1 }
                },
                "line": 27
            },
            "2": {
                "name": "(anonymous_2)",
                "decl": {
                    "start": { "line": 44, "column": 18 },
                    "end": { "line": 44, "column": 19 }
                },
                "loc": {
                    "start": { "line": 44, "column": 38 },
                    "end": { "line": 56, "column": 1 }
                },
                "line": 44
            },
            "3": {
                "name": "(anonymous_3)",
                "decl": {
                    "start": { "line": 59, "column": 20 },
                    "end": { "line": 59, "column": 21 }
                },
                "loc": {
                    "start": { "line": 59, "column": 40 },
                    "end": { "line": 70, "column": 1 }
                },
                "line": 59
            }
        },
        "branchMap": {
            "0": {
                "loc": { "start": { "line": 35, "column": 8 }, "end": { "line": 39, "column": 9 } },
                "type": "if",
                "locations": [
                    { "start": { "line": 35, "column": 8 }, "end": { "line": 39, "column": 9 } },
                    { "start": { "line": 37, "column": 15 }, "end": { "line": 39, "column": 9 } }
                ],
                "line": 35
            }
        },
        "s": {
            "0": 2,
            "1": 2,
            "2": 2,
            "3": 2,
            "4": 2,
            "5": 2,
            "6": 5,
            "7": 5,
            "8": 5,
            "9": 5,
            "10": 0,
            "11": 2,
            "12": 13,
            "13": 13,
            "14": 13,
            "15": 13,
            "16": 13,
            "17": 12,
            "18": 1,
            "19": 1,
            "20": 0,
            "21": 2,
            "22": 25,
            "23": 25,
            "24": 25,
            "25": 25,
            "26": 25,
            "27": 25,
            "28": 25,
            "29": 0,
            "30": 2,
            "31": 3,
            "32": 3,
            "33": 3,
            "34": 3,
            "35": 3,
            "36": 3,
            "37": 0,
            "38": 2
        },
        "f": { "0": 5, "1": 13, "2": 25, "3": 3 },
        "b": { "0": [1, 0] },
        "_coverageSchema": "1a1c01bbd47fc00a2c39e90264f33305004495a9",
        "hash": "d8094a94fe7b0e0a77ac42ef4d74f19683895db4"
    },
    "/home/ruo/my_project/py-editor/server/routes/workspace.js": {
        "path": "/home/ruo/my_project/py-editor/server/routes/workspace.js",
        "statementMap": {
            "0": { "start": { "line": 5, "column": 16 }, "end": { "line": 5, "column": 34 } },
            "1": { "start": { "line": 6, "column": 13 }, "end": { "line": 6, "column": 28 } },
            "2": { "start": { "line": 7, "column": 15 }, "end": { "line": 7, "column": 32 } },
            "3": { "start": { "line": 8, "column": 17 }, "end": { "line": 8, "column": 36 } },
            "4": { "start": { "line": 9, "column": 11 }, "end": { "line": 9, "column": 33 } },
            "5": { "start": { "line": 10, "column": 15 }, "end": { "line": 10, "column": 31 } },
            "6": { "start": { "line": 11, "column": 20 }, "end": { "line": 11, "column": 54 } },
            "7": { "start": { "line": 12, "column": 24 }, "end": { "line": 12, "column": 53 } },
            "8": { "start": { "line": 13, "column": 15 }, "end": { "line": 13, "column": 41 } },
            "9": { "start": { "line": 15, "column": 15 }, "end": { "line": 15, "column": 48 } },
            "10": { "start": { "line": 18, "column": 0 }, "end": { "line": 29, "column": 3 } },
            "11": { "start": { "line": 19, "column": 4 }, "end": { "line": 28, "column": 5 } },
            "12": { "start": { "line": 20, "column": 25 }, "end": { "line": 20, "column": 41 } },
            "13": { "start": { "line": 21, "column": 34 }, "end": { "line": 21, "column": 42 } },
            "14": { "start": { "line": 22, "column": 25 }, "end": { "line": 22, "column": 53 } },
            "15": { "start": { "line": 24, "column": 8 }, "end": { "line": 24, "column": 52 } },
            "16": { "start": { "line": 25, "column": 8 }, "end": { "line": 25, "column": 36 } },
            "17": { "start": { "line": 27, "column": 8 }, "end": { "line": 27, "column": 55 } },
            "18": { "start": { "line": 32, "column": 0 }, "end": { "line": 44, "column": 3 } },
            "19": { "start": { "line": 33, "column": 4 }, "end": { "line": 43, "column": 5 } },
            "20": { "start": { "line": 34, "column": 25 }, "end": { "line": 34, "column": 41 } },
            "21": { "start": { "line": 35, "column": 43 }, "end": { "line": 35, "column": 51 } },
            "22": { "start": { "line": 36, "column": 31 }, "end": { "line": 36, "column": 62 } },
            "23": { "start": { "line": 37, "column": 31 }, "end": { "line": 37, "column": 62 } },
            "24": { "start": { "line": 39, "column": 8 }, "end": { "line": 39, "column": 67 } },
            "25": { "start": { "line": 40, "column": 8 }, "end": { "line": 40, "column": 36 } },
            "26": { "start": { "line": 42, "column": 8 }, "end": { "line": 42, "column": 55 } },
            "27": { "start": { "line": 47, "column": 0 }, "end": { "line": 59, "column": 3 } },
            "28": { "start": { "line": 48, "column": 4 }, "end": { "line": 58, "column": 5 } },
            "29": { "start": { "line": 49, "column": 25 }, "end": { "line": 49, "column": 41 } },
            "30": { "start": { "line": 50, "column": 43 }, "end": { "line": 50, "column": 51 } },
            "31": { "start": { "line": 51, "column": 31 }, "end": { "line": 51, "column": 62 } },
            "32": { "start": { "line": 52, "column": 31 }, "end": { "line": 52, "column": 62 } },
            "33": { "start": { "line": 54, "column": 8 }, "end": { "line": 54, "column": 67 } },
            "34": { "start": { "line": 55, "column": 8 }, "end": { "line": 55, "column": 36 } },
            "35": { "start": { "line": 57, "column": 8 }, "end": { "line": 57, "column": 55 } },
            "36": { "start": { "line": 62, "column": 0 }, "end": { "line": 89, "column": 3 } },
            "37": { "start": { "line": 63, "column": 4 }, "end": { "line": 88, "column": 5 } },
            "38": { "start": { "line": 64, "column": 25 }, "end": { "line": 64, "column": 41 } },
            "39": { "start": { "line": 65, "column": 26 }, "end": { "line": 65, "column": 50 } },
            "40": { "start": { "line": 66, "column": 30 }, "end": { "line": 66, "column": 32 } },
            "41": { "start": { "line": 68, "column": 8 }, "end": { "line": 79, "column": 9 } },
            "42": { "start": { "line": 69, "column": 33 }, "end": { "line": 69, "column": 90 } },
            "43": { "start": { "line": 70, "column": 31 }, "end": { "line": 70, "column": 75 } },
            "44": { "start": { "line": 72, "column": 12 }, "end": { "line": 72, "column": 74 } },
            "45": { "start": { "line": 73, "column": 12 }, "end": { "line": 73, "column": 51 } },
            "46": { "start": { "line": 75, "column": 12 }, "end": { "line": 78, "column": 15 } },
            "47": { "start": { "line": 81, "column": 8 }, "end": { "line": 84, "column": 11 } },
            "48": { "start": { "line": 86, "column": 8 }, "end": { "line": 86, "column": 64 } },
            "49": { "start": { "line": 87, "column": 8 }, "end": { "line": 87, "column": 55 } },
            "50": { "start": { "line": 92, "column": 0 }, "end": { "line": 117, "column": 3 } },
            "51": { "start": { "line": 93, "column": 4 }, "end": { "line": 116, "column": 5 } },
            "52": { "start": { "line": 94, "column": 25 }, "end": { "line": 94, "column": 41 } },
            "53": { "start": { "line": 95, "column": 28 }, "end": { "line": 95, "column": 61 } },
            "54": { "start": { "line": 96, "column": 25 }, "end": { "line": 96, "column": 57 } },
            "55": { "start": { "line": 97, "column": 21 }, "end": { "line": 97, "column": 44 } },
            "56": { "start": { "line": 99, "column": 8 }, "end": { "line": 112, "column": 9 } },
            "57": { "start": { "line": 101, "column": 28 }, "end": { "line": 101, "column": 67 } },
            "58": { "start": { "line": 102, "column": 29 }, "end": { "line": 102, "column": 61 } },
            "59": { "start": { "line": 104, "column": 12 }, "end": { "line": 104, "column": 37 } },
            "60": { "start": { "line": 105, "column": 12 }, "end": { "line": 105, "column": 30 } },
            "61": { "start": { "line": 107, "column": 12 }, "end": { "line": 107, "column": 47 } },
            "62": { "start": { "line": 108, "column": 12 }, "end": { "line": 108, "column": 37 } },
            "63": { "start": { "line": 111, "column": 12 }, "end": { "line": 111, "column": 35 } },
            "64": { "start": { "line": 114, "column": 8 }, "end": { "line": 114, "column": 66 } },
            "65": { "start": { "line": 115, "column": 8 }, "end": { "line": 115, "column": 55 } },
            "66": { "start": { "line": 120, "column": 0 }, "end": { "line": 129, "column": 3 } },
            "67": { "start": { "line": 121, "column": 4 }, "end": { "line": 128, "column": 5 } },
            "68": { "start": { "line": 122, "column": 29 }, "end": { "line": 122, "column": 79 } },
            "69": { "start": { "line": 123, "column": 25 }, "end": { "line": 123, "column": 76 } },
            "70": { "start": { "line": 124, "column": 8 }, "end": { "line": 124, "column": 27 } },
            "71": { "start": { "line": 126, "column": 8 }, "end": { "line": 126, "column": 97 } },
            "72": { "start": { "line": 127, "column": 8 }, "end": { "line": 127, "column": 21 } },
            "73": { "start": { "line": 132, "column": 0 }, "end": { "line": 161, "column": 3 } },
            "74": { "start": { "line": 133, "column": 4 }, "end": { "line": 160, "column": 5 } },
            "75": { "start": { "line": 134, "column": 27 }, "end": { "line": 134, "column": 40 } },
            "76": { "start": { "line": 136, "column": 30 }, "end": { "line": 141, "column": 9 } },
            "77": { "start": { "line": 143, "column": 8 }, "end": { "line": 153, "column": 9 } },
            "78": { "start": { "line": 144, "column": 12 }, "end": { "line": 152, "column": 13 } },
            "79": { "start": { "line": 145, "column": 32 }, "end": { "line": 145, "column": 67 } },
            "80": { "start": { "line": 146, "column": 16 }, "end": { "line": 146, "column": 45 } },
            "81": { "start": { "line": 148, "column": 16 }, "end": { "line": 150, "column": 17 } },
            "82": { "start": { "line": 149, "column": 20 }, "end": { "line": 149, "column": 30 } },
            "83": { "start": { "line": 156, "column": 8 }, "end": { "line": 156, "column": 75 } },
            "84": { "start": { "line": 158, "column": 8 }, "end": { "line": 158, "column": 76 } },
            "85": { "start": { "line": 159, "column": 8 }, "end": { "line": 159, "column": 55 } },
            "86": { "start": { "line": 164, "column": 0 }, "end": { "line": 195, "column": 3 } },
            "87": { "start": { "line": 165, "column": 4 }, "end": { "line": 194, "column": 5 } },
            "88": { "start": { "line": 166, "column": 29 }, "end": { "line": 166, "column": 68 } },
            "89": { "start": { "line": 167, "column": 22 }, "end": { "line": 167, "column": 52 } },
            "90": { "start": { "line": 169, "column": 26 }, "end": { "line": 178, "column": 9 } },
            "91": { "start": { "line": 171, "column": 34 }, "end": { "line": 171, "column": 54 } },
            "92": { "start": { "line": 173, "column": 37 }, "end": { "line": 173, "column": 66 } },
            "93": { "start": { "line": 174, "column": 36 }, "end": { "line": 174, "column": 71 } },
            "94": { "start": { "line": 175, "column": 33 }, "end": { "line": 175, "column": 59 } },
            "95": { "start": { "line": 176, "column": 20 }, "end": { "line": 176, "column": 45 } },
            "96": { "start": { "line": 181, "column": 8 }, "end": { "line": 185, "column": 11 } },
            "97": { "start": { "line": 182, "column": 12 }, "end": { "line": 182, "column": 44 } },
            "98": { "start": { "line": 182, "column": 34 }, "end": { "line": 182, "column": 44 } },
            "99": { "start": { "line": 183, "column": 12 }, "end": { "line": 183, "column": 43 } },
            "100": { "start": { "line": 183, "column": 34 }, "end": { "line": 183, "column": 43 } },
            "101": { "start": { "line": 184, "column": 12 }, "end": { "line": 184, "column": 54 } },
            "102": { "start": { "line": 187, "column": 8 }, "end": { "line": 187, "column": 32 } },
            "103": { "start": { "line": 189, "column": 8 }, "end": { "line": 189, "column": 75 } },
            "104": { "start": { "line": 190, "column": 8 }, "end": { "line": 193, "column": 11 } },
            "105": { "start": { "line": 197, "column": 0 }, "end": { "line": 197, "column": 24 } }
        },
        "fnMap": {
            "0": {
                "name": "(anonymous_0)",
                "decl": {
                    "start": { "line": 18, "column": 22 },
                    "end": { "line": 18, "column": 23 }
                },
                "loc": {
                    "start": { "line": 18, "column": 42 },
                    "end": { "line": 29, "column": 1 }
                },
                "line": 18
            },
            "1": {
                "name": "(anonymous_1)",
                "decl": {
                    "start": { "line": 32, "column": 21 },
                    "end": { "line": 32, "column": 22 }
                },
                "loc": {
                    "start": { "line": 32, "column": 41 },
                    "end": { "line": 44, "column": 1 }
                },
                "line": 32
            },
            "2": {
                "name": "(anonymous_2)",
                "decl": {
                    "start": { "line": 47, "column": 26 },
                    "end": { "line": 47, "column": 27 }
                },
                "loc": {
                    "start": { "line": 47, "column": 46 },
                    "end": { "line": 59, "column": 1 }
                },
                "line": 47
            },
            "3": {
                "name": "(anonymous_3)",
                "decl": {
                    "start": { "line": 62, "column": 46 },
                    "end": { "line": 62, "column": 47 }
                },
                "loc": {
                    "start": { "line": 62, "column": 66 },
                    "end": { "line": 89, "column": 1 }
                },
                "line": 62
            },
            "4": {
                "name": "(anonymous_4)",
                "decl": {
                    "start": { "line": 92, "column": 26 },
                    "end": { "line": 92, "column": 27 }
                },
                "loc": {
                    "start": { "line": 92, "column": 46 },
                    "end": { "line": 117, "column": 1 }
                },
                "line": 92
            },
            "5": {
                "name": "(anonymous_5)",
                "decl": {
                    "start": { "line": 120, "column": 24 },
                    "end": { "line": 120, "column": 25 }
                },
                "loc": {
                    "start": { "line": 120, "column": 44 },
                    "end": { "line": 129, "column": 1 }
                },
                "line": 120
            },
            "6": {
                "name": "(anonymous_6)",
                "decl": {
                    "start": { "line": 132, "column": 24 },
                    "end": { "line": 132, "column": 25 }
                },
                "loc": {
                    "start": { "line": 132, "column": 44 },
                    "end": { "line": 161, "column": 1 }
                },
                "line": 132
            },
            "7": {
                "name": "(anonymous_7)",
                "decl": {
                    "start": { "line": 164, "column": 25 },
                    "end": { "line": 164, "column": 26 }
                },
                "loc": {
                    "start": { "line": 164, "column": 45 },
                    "end": { "line": 195, "column": 1 }
                },
                "line": 164
            },
            "8": {
                "name": "(anonymous_8)",
                "decl": {
                    "start": { "line": 171, "column": 24 },
                    "end": { "line": 171, "column": 25 }
                },
                "loc": {
                    "start": { "line": 171, "column": 34 },
                    "end": { "line": 171, "column": 54 }
                },
                "line": 171
            },
            "9": {
                "name": "(anonymous_9)",
                "decl": {
                    "start": { "line": 172, "column": 21 },
                    "end": { "line": 172, "column": 22 }
                },
                "loc": {
                    "start": { "line": 172, "column": 37 },
                    "end": { "line": 177, "column": 17 }
                },
                "line": 172
            },
            "10": {
                "name": "(anonymous_10)",
                "decl": {
                    "start": { "line": 181, "column": 23 },
                    "end": { "line": 181, "column": 24 }
                },
                "loc": {
                    "start": { "line": 181, "column": 33 },
                    "end": { "line": 185, "column": 9 }
                },
                "line": 181
            }
        },
        "branchMap": {
            "0": {
                "loc": {
                    "start": { "line": 65, "column": 26 },
                    "end": { "line": 65, "column": 50 }
                },
                "type": "binary-expr",
                "locations": [
                    { "start": { "line": 65, "column": 26 }, "end": { "line": 65, "column": 44 } },
                    { "start": { "line": 65, "column": 48 }, "end": { "line": 65, "column": 50 } }
                ],
                "line": 65
            },
            "1": {
                "loc": {
                    "start": { "line": 99, "column": 8 },
                    "end": { "line": 112, "column": 9 }
                },
                "type": "if",
                "locations": [
                    { "start": { "line": 99, "column": 8 }, "end": { "line": 112, "column": 9 } },
                    { "start": { "line": 109, "column": 15 }, "end": { "line": 112, "column": 9 } }
                ],
                "line": 99
            },
            "2": {
                "loc": {
                    "start": { "line": 148, "column": 16 },
                    "end": { "line": 150, "column": 17 }
                },
                "type": "if",
                "locations": [
                    {
                        "start": { "line": 148, "column": 16 },
                        "end": { "line": 150, "column": 17 }
                    },
                    { "start": {}, "end": {} }
                ],
                "line": 148
            },
            "3": {
                "loc": {
                    "start": { "line": 182, "column": 12 },
                    "end": { "line": 182, "column": 44 }
                },
                "type": "if",
                "locations": [
                    {
                        "start": { "line": 182, "column": 12 },
                        "end": { "line": 182, "column": 44 }
                    },
                    { "start": {}, "end": {} }
                ],
                "line": 182
            },
            "4": {
                "loc": {
                    "start": { "line": 183, "column": 12 },
                    "end": { "line": 183, "column": 43 }
                },
                "type": "if",
                "locations": [
                    {
                        "start": { "line": 183, "column": 12 },
                        "end": { "line": 183, "column": 43 }
                    },
                    { "start": {}, "end": {} }
                ],
                "line": 183
            }
        },
        "s": {
            "0": 2,
            "1": 2,
            "2": 2,
            "3": 2,
            "4": 2,
            "5": 2,
            "6": 2,
            "7": 2,
            "8": 2,
            "9": 2,
            "10": 2,
            "11": 8,
            "12": 8,
            "13": 8,
            "14": 8,
            "15": 8,
            "16": 8,
            "17": 0,
            "18": 2,
            "19": 9,
            "20": 9,
            "21": 9,
            "22": 9,
            "23": 9,
            "24": 9,
            "25": 9,
            "26": 0,
            "27": 2,
            "28": 5,
            "29": 5,
            "30": 5,
            "31": 5,
            "32": 5,
            "33": 5,
            "34": 5,
            "35": 0,
            "36": 2,
            "37": 5,
            "38": 5,
            "39": 5,
            "40": 5,
            "41": 5,
            "42": 7,
            "43": 7,
            "44": 7,
            "45": 7,
            "46": 7,
            "47": 5,
            "48": 0,
            "49": 0,
            "50": 2,
            "51": 2,
            "52": 2,
            "53": 2,
            "54": 2,
            "55": 2,
            "56": 2,
            "57": 1,
            "58": 1,
            "59": 1,
            "60": 1,
            "61": 1,
            "62": 1,
            "63": 1,
            "64": 0,
            "65": 0,
            "66": 2,
            "67": 2,
            "68": 2,
            "69": 2,
            "70": 2,
            "71": 0,
            "72": 0,
            "73": 2,
            "74": 2,
            "75": 2,
            "76": 2,
            "77": 2,
            "78": 8,
            "79": 8,
            "80": 0,
            "81": 8,
            "82": 0,
            "83": 2,
            "84": 0,
            "85": 0,
            "86": 2,
            "87": 0,
            "88": 0,
            "89": 0,
            "90": 0,
            "91": 0,
            "92": 0,
            "93": 0,
            "94": 0,
            "95": 0,
            "96": 0,
            "97": 0,
            "98": 0,
            "99": 0,
            "100": 0,
            "101": 0,
            "102": 0,
            "103": 0,
            "104": 0,
            "105": 2
        },
        "f": {
            "0": 8,
            "1": 9,
            "2": 5,
            "3": 5,
            "4": 2,
            "5": 2,
            "6": 2,
            "7": 0,
            "8": 0,
            "9": 0,
            "10": 0
        },
        "b": { "0": [5, 4], "1": [1, 1], "2": [0, 8], "3": [0, 0], "4": [0, 0] },
        "_coverageSchema": "1a1c01bbd47fc00a2c39e90264f33305004495a9",
        "hash": "ecb046a1e1c9700501e001ebdeb9e90d2406e5cd"
    },
    "/home/ruo/my_project/py-editor/server/services/executionService.js": {
        "path": "/home/ruo/my_project/py-editor/server/services/executionService.js",
        "statementMap": {
            "0": { "start": { "line": 5, "column": 18 }, "end": { "line": 5, "column": 42 } },
            "1": { "start": { "line": 6, "column": 11 }, "end": { "line": 6, "column": 33 } },
            "2": { "start": { "line": 7, "column": 13 }, "end": { "line": 7, "column": 28 } },
            "3": { "start": { "line": 8, "column": 15 }, "end": { "line": 8, "column": 41 } },
            "4": { "start": { "line": 14, "column": 21 }, "end": { "line": 14, "column": 48 } },
            "5": { "start": { "line": 15, "column": 4 }, "end": { "line": 15, "column": 39 } },
            "6": { "start": { "line": 17, "column": 4 }, "end": { "line": 92, "column": 7 } },
            "7": { "start": { "line": 18, "column": 23 }, "end": { "line": 58, "column": 10 } },
            "8": { "start": { "line": 60, "column": 21 }, "end": { "line": 60, "column": 23 } },
            "9": { "start": { "line": 61, "column": 20 }, "end": { "line": 61, "column": 22 } },
            "10": { "start": { "line": 63, "column": 8 }, "end": { "line": 65, "column": 11 } },
            "11": { "start": { "line": 64, "column": 12 }, "end": { "line": 64, "column": 38 } },
            "12": { "start": { "line": 67, "column": 8 }, "end": { "line": 69, "column": 11 } },
            "13": { "start": { "line": 68, "column": 12 }, "end": { "line": 68, "column": 37 } },
            "14": { "start": { "line": 71, "column": 8 }, "end": { "line": 91, "column": 11 } },
            "15": { "start": { "line": 72, "column": 12 }, "end": { "line": 90, "column": 13 } },
            "16": { "start": { "line": 73, "column": 16 }, "end": { "line": 73, "column": 58 } },
            "17": { "start": { "line": 74, "column": 16 }, "end": { "line": 74, "column": 64 } },
            "18": { "start": { "line": 75, "column": 31 }, "end": { "line": 75, "column": 56 } },
            "19": { "start": { "line": 76, "column": 16 }, "end": { "line": 76, "column": 32 } },
            "20": { "start": { "line": 78, "column": 16 }, "end": { "line": 89, "column": 19 } },
            "21": { "start": { "line": 104, "column": 8 }, "end": { "line": 104, "column": 15 } },
            "22": { "start": { "line": 106, "column": 21 }, "end": { "line": 106, "column": 50 } },
            "23": { "start": { "line": 107, "column": 4 }, "end": { "line": 107, "column": 39 } },
            "24": { "start": { "line": 109, "column": 4 }, "end": { "line": 164, "column": 7 } },
            "25": { "start": { "line": 110, "column": 23 }, "end": { "line": 113, "column": 10 } },
            "26": { "start": { "line": 115, "column": 21 }, "end": { "line": 115, "column": 23 } },
            "27": { "start": { "line": 116, "column": 21 }, "end": { "line": 116, "column": 23 } },
            "28": { "start": { "line": 117, "column": 26 }, "end": { "line": 117, "column": 36 } },
            "29": { "start": { "line": 119, "column": 8 }, "end": { "line": 122, "column": 9 } },
            "30": { "start": { "line": 120, "column": 12 }, "end": { "line": 120, "column": 38 } },
            "31": { "start": { "line": 121, "column": 12 }, "end": { "line": 121, "column": 31 } },
            "32": { "start": { "line": 124, "column": 8 }, "end": { "line": 126, "column": 11 } },
            "33": { "start": { "line": 125, "column": 12 }, "end": { "line": 125, "column": 38 } },
            "34": { "start": { "line": 128, "column": 8 }, "end": { "line": 130, "column": 11 } },
            "35": { "start": { "line": 129, "column": 12 }, "end": { "line": 129, "column": 38 } },
            "36": { "start": { "line": 132, "column": 8 }, "end": { "line": 148, "column": 11 } },
            "37": { "start": { "line": 133, "column": 34 }, "end": { "line": 133, "column": 56 } },
            "38": { "start": { "line": 135, "column": 12 }, "end": { "line": 140, "column": 13 } },
            "39": { "start": { "line": 136, "column": 16 }, "end": { "line": 136, "column": 58 } },
            "40": { "start": { "line": 137, "column": 16 }, "end": { "line": 137, "column": 64 } },
            "41": { "start": { "line": 139, "column": 16 }, "end": { "line": 139, "column": 86 } },
            "42": { "start": { "line": 142, "column": 12 }, "end": { "line": 147, "column": 15 } },
            "43": { "start": { "line": 150, "column": 8 }, "end": { "line": 163, "column": 11 } },
            "44": { "start": { "line": 151, "column": 12 }, "end": { "line": 155, "column": 13 } },
            "45": { "start": { "line": 152, "column": 16 }, "end": { "line": 152, "column": 58 } },
            "46": { "start": { "line": 157, "column": 12 }, "end": { "line": 162, "column": 15 } },
            "47": { "start": { "line": 167, "column": 0 }, "end": { "line": 170, "column": 2 } }
        },
        "fnMap": {
            "0": {
                "name": "checkSyntax",
                "decl": {
                    "start": { "line": 13, "column": 15 },
                    "end": { "line": 13, "column": 26 }
                },
                "loc": {
                    "start": { "line": 13, "column": 63 },
                    "end": { "line": 93, "column": 1 }
                },
                "line": 13
            },
            "1": {
                "name": "(anonymous_1)",
                "decl": {
                    "start": { "line": 17, "column": 23 },
                    "end": { "line": 17, "column": 24 }
                },
                "loc": {
                    "start": { "line": 17, "column": 36 },
                    "end": { "line": 92, "column": 5 }
                },
                "line": 17
            },
            "2": {
                "name": "(anonymous_2)",
                "decl": {
                    "start": { "line": 63, "column": 33 },
                    "end": { "line": 63, "column": 34 }
                },
                "loc": {
                    "start": { "line": 63, "column": 43 },
                    "end": { "line": 65, "column": 9 }
                },
                "line": 63
            },
            "3": {
                "name": "(anonymous_3)",
                "decl": {
                    "start": { "line": 67, "column": 33 },
                    "end": { "line": 67, "column": 34 }
                },
                "loc": {
                    "start": { "line": 67, "column": 43 },
                    "end": { "line": 69, "column": 9 }
                },
                "line": 67
            },
            "4": {
                "name": "(anonymous_4)",
                "decl": {
                    "start": { "line": 71, "column": 27 },
                    "end": { "line": 71, "column": 28 }
                },
                "loc": {
                    "start": { "line": 71, "column": 44 },
                    "end": { "line": 91, "column": 9 }
                },
                "line": 71
            },
            "5": {
                "name": "(anonymous_5)",
                "decl": {
                    "start": { "line": 73, "column": 48 },
                    "end": { "line": 73, "column": 49 }
                },
                "loc": {
                    "start": { "line": 73, "column": 54 },
                    "end": { "line": 73, "column": 56 }
                },
                "line": 73
            },
            "6": {
                "name": "(anonymous_6)",
                "decl": {
                    "start": { "line": 74, "column": 54 },
                    "end": { "line": 74, "column": 55 }
                },
                "loc": {
                    "start": { "line": 74, "column": 60 },
                    "end": { "line": 74, "column": 62 }
                },
                "line": 74
            },
            "7": {
                "name": "executeCode",
                "decl": {
                    "start": { "line": 98, "column": 15 },
                    "end": { "line": 98, "column": 26 }
                },
                "loc": {
                    "start": { "line": 98, "column": 47 },
                    "end": { "line": 165, "column": 1 }
                },
                "line": 98
            },
            "8": {
                "name": "(anonymous_8)",
                "decl": {
                    "start": { "line": 109, "column": 23 },
                    "end": { "line": 109, "column": 24 }
                },
                "loc": {
                    "start": { "line": 109, "column": 36 },
                    "end": { "line": 164, "column": 5 }
                },
                "line": 109
            },
            "9": {
                "name": "(anonymous_9)",
                "decl": {
                    "start": { "line": 124, "column": 33 },
                    "end": { "line": 124, "column": 34 }
                },
                "loc": {
                    "start": { "line": 124, "column": 43 },
                    "end": { "line": 126, "column": 9 }
                },
                "line": 124
            },
            "10": {
                "name": "(anonymous_10)",
                "decl": {
                    "start": { "line": 128, "column": 33 },
                    "end": { "line": 128, "column": 34 }
                },
                "loc": {
                    "start": { "line": 128, "column": 43 },
                    "end": { "line": 130, "column": 9 }
                },
                "line": 128
            },
            "11": {
                "name": "(anonymous_11)",
                "decl": {
                    "start": { "line": 132, "column": 27 },
                    "end": { "line": 132, "column": 28 }
                },
                "loc": {
                    "start": { "line": 132, "column": 43 },
                    "end": { "line": 148, "column": 9 }
                },
                "line": 132
            },
            "12": {
                "name": "(anonymous_12)",
                "decl": {
                    "start": { "line": 136, "column": 48 },
                    "end": { "line": 136, "column": 49 }
                },
                "loc": {
                    "start": { "line": 136, "column": 54 },
                    "end": { "line": 136, "column": 56 }
                },
                "line": 136
            },
            "13": {
                "name": "(anonymous_13)",
                "decl": {
                    "start": { "line": 137, "column": 54 },
                    "end": { "line": 137, "column": 55 }
                },
                "loc": {
                    "start": { "line": 137, "column": 60 },
                    "end": { "line": 137, "column": 62 }
                },
                "line": 137
            },
            "14": {
                "name": "(anonymous_14)",
                "decl": {
                    "start": { "line": 150, "column": 27 },
                    "end": { "line": 150, "column": 28 }
                },
                "loc": {
                    "start": { "line": 150, "column": 44 },
                    "end": { "line": 163, "column": 9 }
                },
                "line": 150
            },
            "15": {
                "name": "(anonymous_15)",
                "decl": {
                    "start": { "line": 152, "column": 48 },
                    "end": { "line": 152, "column": 49 }
                },
                "loc": {
                    "start": { "line": 152, "column": 54 },
                    "end": { "line": 152, "column": 56 }
                },
                "line": 152
            }
        },
        "branchMap": {
            "0": {
                "loc": {
                    "start": { "line": 13, "column": 33 },
                    "end": { "line": 13, "column": 61 }
                },
                "type": "default-arg",
                "locations": [
                    { "start": { "line": 13, "column": 44 }, "end": { "line": 13, "column": 61 } }
                ],
                "line": 13
            },
            "1": {
                "loc": {
                    "start": { "line": 85, "column": 37 },
                    "end": { "line": 85, "column": 68 }
                },
                "type": "binary-expr",
                "locations": [
                    { "start": { "line": 85, "column": 37 }, "end": { "line": 85, "column": 42 } },
                    { "start": { "line": 85, "column": 46 }, "end": { "line": 85, "column": 68 } }
                ],
                "line": 85
            },
            "2": {
                "loc": {
                    "start": { "line": 98, "column": 33 },
                    "end": { "line": 98, "column": 45 }
                },
                "type": "default-arg",
                "locations": [
                    { "start": { "line": 98, "column": 43 }, "end": { "line": 98, "column": 45 } }
                ],
                "line": 98
            },
            "3": {
                "loc": {
                    "start": { "line": 100, "column": 8 },
                    "end": { "line": 100, "column": 28 }
                },
                "type": "default-arg",
                "locations": [
                    { "start": { "line": 100, "column": 19 }, "end": { "line": 100, "column": 28 } }
                ],
                "line": 100
            },
            "4": {
                "loc": {
                    "start": { "line": 101, "column": 8 },
                    "end": { "line": 101, "column": 35 }
                },
                "type": "default-arg",
                "locations": [
                    { "start": { "line": 101, "column": 19 }, "end": { "line": 101, "column": 35 } }
                ],
                "line": 101
            },
            "5": {
                "loc": {
                    "start": { "line": 102, "column": 8 },
                    "end": { "line": 102, "column": 23 }
                },
                "type": "default-arg",
                "locations": [
                    { "start": { "line": 102, "column": 18 }, "end": { "line": 102, "column": 23 } }
                ],
                "line": 102
            },
            "6": {
                "loc": {
                    "start": { "line": 103, "column": 8 },
                    "end": { "line": 103, "column": 18 }
                },
                "type": "default-arg",
                "locations": [
                    { "start": { "line": 103, "column": 16 }, "end": { "line": 103, "column": 18 } }
                ],
                "line": 103
            },
            "7": {
                "loc": {
                    "start": { "line": 119, "column": 8 },
                    "end": { "line": 122, "column": 9 }
                },
                "type": "if",
                "locations": [
                    { "start": { "line": 119, "column": 8 }, "end": { "line": 122, "column": 9 } },
                    { "start": {}, "end": {} }
                ],
                "line": 119
            }
        },
        "s": {
            "0": 2,
            "1": 2,
            "2": 2,
            "3": 2,
            "4": 12,
            "5": 12,
            "6": 12,
            "7": 12,
            "8": 12,
            "9": 12,
            "10": 12,
            "11": 12,
            "12": 12,
            "13": 0,
            "14": 12,
            "15": 12,
            "16": 12,
            "17": 12,
            "18": 12,
            "19": 12,
            "20": 0,
            "21": 26,
            "22": 26,
            "23": 26,
            "24": 26,
            "25": 26,
            "26": 26,
            "27": 26,
            "28": 26,
            "29": 26,
            "30": 3,
            "31": 3,
            "32": 26,
            "33": 21,
            "34": 26,
            "35": 22,
            "36": 26,
            "37": 26,
            "38": 26,
            "39": 26,
            "40": 26,
            "41": 0,
            "42": 26,
            "43": 26,
            "44": 0,
            "45": 0,
            "46": 0,
            "47": 2
        },
        "f": {
            "0": 12,
            "1": 12,
            "2": 12,
            "3": 0,
            "4": 12,
            "5": 0,
            "6": 12,
            "7": 26,
            "8": 26,
            "9": 21,
            "10": 22,
            "11": 26,
            "12": 0,
            "13": 26,
            "14": 0,
            "15": 0
        },
        "b": {
            "0": [0],
            "1": [0, 0],
            "2": [0],
            "3": [0],
            "4": [0],
            "5": [26],
            "6": [23],
            "7": [3, 23]
        },
        "_coverageSchema": "1a1c01bbd47fc00a2c39e90264f33305004495a9",
        "hash": "dd1e92a9e5eb0e47b063d6d4a1fce2d6ac9fb64d"
    },
    "/home/ruo/my_project/py-editor/server/services/fileService.js": {
        "path": "/home/ruo/my_project/py-editor/server/services/fileService.js",
        "statementMap": {
            "0": { "start": { "line": 5, "column": 11 }, "end": { "line": 5, "column": 33 } },
            "1": { "start": { "line": 6, "column": 13 }, "end": { "line": 6, "column": 28 } },
            "2": { "start": { "line": 12, "column": 18 }, "end": { "line": 12, "column": 20 } },
            "3": { "start": { "line": 13, "column": 20 }, "end": { "line": 13, "column": 70 } },
            "4": { "start": { "line": 15, "column": 4 }, "end": { "line": 34, "column": 5 } },
            "5": { "start": { "line": 16, "column": 25 }, "end": { "line": 16, "column": 55 } },
            "6": { "start": { "line": 17, "column": 29 }, "end": { "line": 17, "column": 62 } },
            "7": { "start": { "line": 19, "column": 8 }, "end": { "line": 33, "column": 9 } },
            "8": { "start": { "line": 20, "column": 29 }, "end": { "line": 20, "column": 76 } },
            "9": { "start": { "line": 21, "column": 12 }, "end": { "line": 26, "column": 15 } },
            "10": { "start": { "line": 28, "column": 12 }, "end": { "line": 32, "column": 15 } },
            "11": { "start": { "line": 36, "column": 4 }, "end": { "line": 41, "column": 7 } },
            "12": { "start": { "line": 37, "column": 8 }, "end": { "line": 39, "column": 9 } },
            "13": { "start": { "line": 38, "column": 12 }, "end": { "line": 38, "column": 51 } },
            "14": { "start": { "line": 40, "column": 8 }, "end": { "line": 40, "column": 44 } },
            "15": { "start": { "line": 48, "column": 4 }, "end": { "line": 48, "column": 47 } },
            "16": { "start": { "line": 55, "column": 4 }, "end": { "line": 55, "column": 64 } },
            "17": { "start": { "line": 56, "column": 4 }, "end": { "line": 56, "column": 50 } },
            "18": { "start": { "line": 63, "column": 17 }, "end": { "line": 63, "column": 40 } },
            "19": { "start": { "line": 64, "column": 4 }, "end": { "line": 68, "column": 5 } },
            "20": { "start": { "line": 65, "column": 8 }, "end": { "line": 65, "column": 51 } },
            "21": { "start": { "line": 67, "column": 8 }, "end": { "line": 67, "column": 34 } },
            "22": { "start": { "line": 75, "column": 4 }, "end": { "line": 75, "column": 49 } },
            "23": { "start": { "line": 82, "column": 4 }, "end": { "line": 82, "column": 44 } },
            "24": { "start": { "line": 89, "column": 17 }, "end": { "line": 89, "column": 42 } },
            "25": { "start": { "line": 91, "column": 4 }, "end": { "line": 100, "column": 5 } },
            "26": { "start": { "line": 92, "column": 8 }, "end": { "line": 92, "column": 56 } },
            "27": { "start": { "line": 93, "column": 24 }, "end": { "line": 93, "column": 77 } },
            "28": { "start": { "line": 95, "column": 8 }, "end": { "line": 97, "column": 9 } },
            "29": { "start": { "line": 96, "column": 12 }, "end": { "line": 96, "column": 97 } },
            "30": { "start": { "line": 99, "column": 8 }, "end": { "line": 99, "column": 50 } },
            "31": { "start": { "line": 103, "column": 0 }, "end": { "line": 111, "column": 2 } }
        },
        "fnMap": {
            "0": {
                "name": "getDirectoryStructure",
                "decl": {
                    "start": { "line": 11, "column": 15 },
                    "end": { "line": 11, "column": 36 }
                },
                "loc": {
                    "start": { "line": 11, "column": 56 },
                    "end": { "line": 42, "column": 1 }
                },
                "line": 11
            },
            "1": {
                "name": "(anonymous_1)",
                "decl": {
                    "start": { "line": 36, "column": 22 },
                    "end": { "line": 36, "column": 23 }
                },
                "loc": {
                    "start": { "line": 36, "column": 32 },
                    "end": { "line": 41, "column": 5 }
                },
                "line": 36
            },
            "2": {
                "name": "readFile",
                "decl": {
                    "start": { "line": 47, "column": 15 },
                    "end": { "line": 47, "column": 23 }
                },
                "loc": {
                    "start": { "line": 47, "column": 34 },
                    "end": { "line": 49, "column": 1 }
                },
                "line": 47
            },
            "3": {
                "name": "writeFile",
                "decl": {
                    "start": { "line": 54, "column": 15 },
                    "end": { "line": 54, "column": 24 }
                },
                "loc": {
                    "start": { "line": 54, "column": 44 },
                    "end": { "line": 57, "column": 1 }
                },
                "line": 54
            },
            "4": {
                "name": "deleteItem",
                "decl": {
                    "start": { "line": 62, "column": 15 },
                    "end": { "line": 62, "column": 25 }
                },
                "loc": {
                    "start": { "line": 62, "column": 36 },
                    "end": { "line": 69, "column": 1 }
                },
                "line": 62
            },
            "5": {
                "name": "createDirectory",
                "decl": {
                    "start": { "line": 74, "column": 15 },
                    "end": { "line": 74, "column": 30 }
                },
                "loc": {
                    "start": { "line": 74, "column": 40 },
                    "end": { "line": 76, "column": 1 }
                },
                "line": 74
            },
            "6": {
                "name": "moveItem",
                "decl": {
                    "start": { "line": 81, "column": 15 },
                    "end": { "line": 81, "column": 23 }
                },
                "loc": {
                    "start": { "line": 81, "column": 48 },
                    "end": { "line": 83, "column": 1 }
                },
                "line": 81
            },
            "7": {
                "name": "copyItem",
                "decl": {
                    "start": { "line": 88, "column": 15 },
                    "end": { "line": 88, "column": 23 }
                },
                "loc": {
                    "start": { "line": 88, "column": 48 },
                    "end": { "line": 101, "column": 1 }
                },
                "line": 88
            }
        },
        "branchMap": {
            "0": {
                "loc": { "start": { "line": 19, "column": 8 }, "end": { "line": 33, "column": 9 } },
                "type": "if",
                "locations": [
                    { "start": { "line": 19, "column": 8 }, "end": { "line": 33, "column": 9 } },
                    { "start": { "line": 27, "column": 15 }, "end": { "line": 33, "column": 9 } }
                ],
                "line": 19
            },
            "1": {
                "loc": { "start": { "line": 37, "column": 8 }, "end": { "line": 39, "column": 9 } },
                "type": "if",
                "locations": [
                    { "start": { "line": 37, "column": 8 }, "end": { "line": 39, "column": 9 } },
                    { "start": {}, "end": {} }
                ],
                "line": 37
            },
            "2": {
                "loc": {
                    "start": { "line": 38, "column": 19 },
                    "end": { "line": 38, "column": 50 }
                },
                "type": "cond-expr",
                "locations": [
                    { "start": { "line": 38, "column": 44 }, "end": { "line": 38, "column": 46 } },
                    { "start": { "line": 38, "column": 49 }, "end": { "line": 38, "column": 50 } }
                ],
                "line": 38
            },
            "3": {
                "loc": { "start": { "line": 64, "column": 4 }, "end": { "line": 68, "column": 5 } },
                "type": "if",
                "locations": [
                    { "start": { "line": 64, "column": 4 }, "end": { "line": 68, "column": 5 } },
                    { "start": { "line": 66, "column": 11 }, "end": { "line": 68, "column": 5 } }
                ],
                "line": 64
            },
            "4": {
                "loc": {
                    "start": { "line": 91, "column": 4 },
                    "end": { "line": 100, "column": 5 }
                },
                "type": "if",
                "locations": [
                    { "start": { "line": 91, "column": 4 }, "end": { "line": 100, "column": 5 } },
                    { "start": { "line": 98, "column": 11 }, "end": { "line": 100, "column": 5 } }
                ],
                "line": 91
            }
        },
        "s": {
            "0": 3,
            "1": 3,
            "2": 13,
            "3": 13,
            "4": 13,
            "5": 28,
            "6": 28,
            "7": 28,
            "8": 8,
            "9": 8,
            "10": 20,
            "11": 13,
            "12": 19,
            "13": 5,
            "14": 14,
            "15": 13,
            "16": 25,
            "17": 25,
            "18": 3,
            "19": 3,
            "20": 2,
            "21": 1,
            "22": 8,
            "23": 9,
            "24": 11,
            "25": 11,
            "26": 3,
            "27": 3,
            "28": 3,
            "29": 6,
            "30": 8,
            "31": 3
        },
        "f": { "0": 13, "1": 19, "2": 13, "3": 25, "4": 3, "5": 8, "6": 9, "7": 11 },
        "b": { "0": [8, 20], "1": [5, 14], "2": [4, 1], "3": [2, 1], "4": [3, 8] },
        "_coverageSchema": "1a1c01bbd47fc00a2c39e90264f33305004495a9",
        "hash": "bff43961660fa76d2113b32ed6e37454273a7493"
    },
    "/home/ruo/my_project/py-editor/server/utils/logger.js": {
        "path": "/home/ruo/my_project/py-editor/server/utils/logger.js",
        "statementMap": {
            "0": { "start": { "line": 7, "column": 15 }, "end": { "line": 32, "column": 1 } },
            "1": { "start": { "line": 9, "column": 25 }, "end": { "line": 15, "column": 9 } },
            "2": { "start": { "line": 16, "column": 8 }, "end": { "line": 16, "column": 46 } },
            "3": { "start": { "line": 19, "column": 8 }, "end": { "line": 19, "column": 41 } },
            "4": { "start": { "line": 22, "column": 8 }, "end": { "line": 22, "column": 41 } },
            "5": { "start": { "line": 25, "column": 8 }, "end": { "line": 25, "column": 42 } },
            "6": { "start": { "line": 28, "column": 8 }, "end": { "line": 30, "column": 9 } },
            "7": { "start": { "line": 29, "column": 12 }, "end": { "line": 29, "column": 46 } },
            "8": { "start": { "line": 34, "column": 0 }, "end": { "line": 34, "column": 24 } }
        },
        "fnMap": {
            "0": {
                "name": "(anonymous_0)",
                "decl": { "start": { "line": 8, "column": 4 }, "end": { "line": 8, "column": 5 } },
                "loc": { "start": { "line": 8, "column": 36 }, "end": { "line": 17, "column": 5 } },
                "line": 8
            },
            "1": {
                "name": "(anonymous_1)",
                "decl": {
                    "start": { "line": 18, "column": 4 },
                    "end": { "line": 18, "column": 5 }
                },
                "loc": {
                    "start": { "line": 18, "column": 25 },
                    "end": { "line": 20, "column": 5 }
                },
                "line": 18
            },
            "2": {
                "name": "(anonymous_2)",
                "decl": {
                    "start": { "line": 21, "column": 4 },
                    "end": { "line": 21, "column": 5 }
                },
                "loc": {
                    "start": { "line": 21, "column": 25 },
                    "end": { "line": 23, "column": 5 }
                },
                "line": 21
            },
            "3": {
                "name": "(anonymous_3)",
                "decl": {
                    "start": { "line": 24, "column": 4 },
                    "end": { "line": 24, "column": 5 }
                },
                "loc": {
                    "start": { "line": 24, "column": 26 },
                    "end": { "line": 26, "column": 5 }
                },
                "line": 24
            },
            "4": {
                "name": "(anonymous_4)",
                "decl": {
                    "start": { "line": 27, "column": 4 },
                    "end": { "line": 27, "column": 5 }
                },
                "loc": {
                    "start": { "line": 27, "column": 26 },
                    "end": { "line": 31, "column": 5 }
                },
                "line": 27
            }
        },
        "branchMap": {
            "0": {
                "loc": { "start": { "line": 8, "column": 24 }, "end": { "line": 8, "column": 34 } },
                "type": "default-arg",
                "locations": [
                    { "start": { "line": 8, "column": 32 }, "end": { "line": 8, "column": 34 } }
                ],
                "line": 8
            },
            "1": {
                "loc": { "start": { "line": 28, "column": 8 }, "end": { "line": 30, "column": 9 } },
                "type": "if",
                "locations": [
                    { "start": { "line": 28, "column": 8 }, "end": { "line": 30, "column": 9 } },
                    { "start": {}, "end": {} }
                ],
                "line": 28
            }
        },
        "s": { "0": 3, "1": 0, "2": 0, "3": 0, "4": 0, "5": 0, "6": 0, "7": 0, "8": 3 },
        "f": { "0": 0, "1": 0, "2": 0, "3": 0, "4": 0 },
        "b": { "0": [0], "1": [0, 0] },
        "_coverageSchema": "1a1c01bbd47fc00a2c39e90264f33305004495a9",
        "hash": "a919b3f504e20a9107fa6c18a15fb7d6821a804d"
    },
    "/home/ruo/my_project/py-editor/server/utils/pathUtils.js": {
        "path": "/home/ruo/my_project/py-editor/server/utils/pathUtils.js",
        "statementMap": {
            "0": { "start": { "line": 7, "column": 13 }, "end": { "line": 7, "column": 28 } },
            "1": { "start": { "line": 8, "column": 15 }, "end": { "line": 8, "column": 28 } },
            "2": { "start": { "line": 9, "column": 15 }, "end": { "line": 9, "column": 34 } },
            "3": { "start": { "line": 13, "column": 4 }, "end": { "line": 16, "column": 56 } },
            "4": { "start": { "line": 26, "column": 27 }, "end": { "line": 26, "column": 85 } },
            "5": { "start": { "line": 27, "column": 21 }, "end": { "line": 27, "column": 62 } },
            "6": { "start": { "line": 30, "column": 4 }, "end": { "line": 32, "column": 5 } },
            "7": { "start": { "line": 31, "column": 8 }, "end": { "line": 31, "column": 65 } },
            "8": { "start": { "line": 34, "column": 4 }, "end": { "line": 34, "column": 20 } },
            "9": { "start": { "line": 43, "column": 24 }, "end": { "line": 43, "column": 77 } },
            "10": { "start": { "line": 46, "column": 4 }, "end": { "line": 48, "column": 5 } },
            "11": { "start": { "line": 47, "column": 8 }, "end": { "line": 47, "column": 30 } },
            "12": { "start": { "line": 50, "column": 4 }, "end": { "line": 55, "column": 5 } },
            "13": { "start": { "line": 51, "column": 8 }, "end": { "line": 51, "column": 51 } },
            "14": { "start": { "line": 53, "column": 8 }, "end": { "line": 53, "column": 95 } },
            "15": { "start": { "line": 54, "column": 8 }, "end": { "line": 54, "column": 30 } },
            "16": { "start": { "line": 58, "column": 0 }, "end": { "line": 62, "column": 2 } }
        },
        "fnMap": {
            "0": {
                "name": "validateAndResolvePath",
                "decl": {
                    "start": { "line": 24, "column": 9 },
                    "end": { "line": 24, "column": 31 }
                },
                "loc": {
                    "start": { "line": 24, "column": 47 },
                    "end": { "line": 35, "column": 1 }
                },
                "line": 24
            },
            "1": {
                "name": "getBasePath",
                "decl": {
                    "start": { "line": 42, "column": 9 },
                    "end": { "line": 42, "column": 20 }
                },
                "loc": {
                    "start": { "line": 42, "column": 26 },
                    "end": { "line": 56, "column": 1 }
                },
                "line": 42
            }
        },
        "branchMap": {
            "0": {
                "loc": {
                    "start": { "line": 13, "column": 4 },
                    "end": { "line": 16, "column": 56 }
                },
                "type": "binary-expr",
                "locations": [
                    { "start": { "line": 13, "column": 4 }, "end": { "line": 13, "column": 30 } },
                    { "start": { "line": 14, "column": 5 }, "end": { "line": 16, "column": 55 } }
                ],
                "line": 13
            },
            "1": {
                "loc": {
                    "start": { "line": 14, "column": 5 },
                    "end": { "line": 16, "column": 55 }
                },
                "type": "cond-expr",
                "locations": [
                    { "start": { "line": 15, "column": 10 }, "end": { "line": 15, "column": 26 } },
                    { "start": { "line": 16, "column": 10 }, "end": { "line": 16, "column": 55 } }
                ],
                "line": 14
            },
            "2": {
                "loc": { "start": { "line": 30, "column": 4 }, "end": { "line": 32, "column": 5 } },
                "type": "if",
                "locations": [
                    { "start": { "line": 30, "column": 4 }, "end": { "line": 32, "column": 5 } },
                    { "start": {}, "end": {} }
                ],
                "line": 30
            },
            "3": {
                "loc": {
                    "start": { "line": 43, "column": 24 },
                    "end": { "line": 43, "column": 77 }
                },
                "type": "binary-expr",
                "locations": [
                    { "start": { "line": 43, "column": 24 }, "end": { "line": 43, "column": 40 } },
                    { "start": { "line": 43, "column": 44 }, "end": { "line": 43, "column": 77 } }
                ],
                "line": 43
            },
            "4": {
                "loc": { "start": { "line": 46, "column": 4 }, "end": { "line": 48, "column": 5 } },
                "type": "if",
                "locations": [
                    { "start": { "line": 46, "column": 4 }, "end": { "line": 48, "column": 5 } },
                    { "start": {}, "end": {} }
                ],
                "line": 46
            },
            "5": {
                "loc": {
                    "start": { "line": 46, "column": 8 },
                    "end": { "line": 46, "column": 72 }
                },
                "type": "binary-expr",
                "locations": [
                    { "start": { "line": 46, "column": 8 }, "end": { "line": 46, "column": 20 } },
                    { "start": { "line": 46, "column": 24 }, "end": { "line": 46, "column": 49 } },
                    { "start": { "line": 46, "column": 53 }, "end": { "line": 46, "column": 72 } }
                ],
                "line": 46
            }
        },
        "s": {
            "0": 1,
            "1": 1,
            "2": 1,
            "3": 1,
            "4": 0,
            "5": 0,
            "6": 0,
            "7": 0,
            "8": 0,
            "9": 16,
            "10": 16,
            "11": 16,
            "12": 0,
            "13": 0,
            "14": 0,
            "15": 0,
            "16": 1
        },
        "f": { "0": 0, "1": 16 },
        "b": {
            "0": [1, 1],
            "1": [0, 1],
            "2": [0, 0],
            "3": [16, 16],
            "4": [16, 0],
            "5": [16, 0, 0]
        },
        "_coverageSchema": "1a1c01bbd47fc00a2c39e90264f33305004495a9",
        "hash": "4cddc7d83605a9f6dfcda27129e3e1fe2d6e6684"
    }
}
