TN:
SF:api-proxy.js
FN:15,proxyRequest
FN:18,(anonymous_1)
FN:24,(anonymous_2)
FN:32,(anonymous_3)
FN:58,(anonymous_4)
FN:75,(anonymous_5)
FN:79,(anonymous_6)
FN:101,(anonymous_7)
FN:105,(anonymous_8)
FNF:9
FNH:0
FNDA:0,proxyRequest
FNDA:0,(anonymous_1)
FNDA:0,(anonymous_2)
FNDA:0,(anonymous_3)
FNDA:0,(anonymous_4)
FNDA:0,(anonymous_5)
FNDA:0,(anonymous_6)
FNDA:0,(anonymous_7)
FNDA:0,(anonymous_8)
DA:6,2
DA:7,2
DA:8,2
DA:16,0
DA:18,0
DA:19,0
DA:21,0
DA:24,0
DA:25,0
DA:26,0
DA:31,0
DA:32,0
DA:33,0
DA:34,0
DA:39,0
DA:40,0
DA:41,0
DA:46,0
DA:49,0
DA:58,0
DA:59,0
DA:60,0
DA:63,0
DA:64,0
DA:71,0
DA:75,0
DA:76,0
DA:79,0
DA:80,0
DA:81,0
DA:84,0
DA:85,0
DA:86,0
DA:91,0
DA:101,0
DA:102,0
DA:105,0
DA:106,0
DA:107,0
DA:111,0
DA:112,0
DA:113,0
DA:116,0
DA:118,0
DA:123,2
LF:45
LH:4
BRDA:16,0,0,0
BRDA:16,1,0,0
BRDA:16,2,0,0
BRDA:25,3,0,0
BRDA:25,3,1,0
BRDA:33,4,0,0
BRDA:33,4,1,0
BRDA:39,5,0,0
BRDA:39,5,1,0
BRDA:39,6,0,0
BRDA:39,6,1,0
BRDA:40,7,0,0
BRDA:40,7,1,0
BRDA:46,8,0,0
BRDA:46,8,1,0
BRDA:60,9,0,0
BRDA:60,9,1,0
BRDA:63,10,0,0
BRDA:63,10,1,0
BRDA:111,11,0,0
BRDA:111,11,1,0
BRDA:111,12,0,0
BRDA:111,12,1,0
BRDA:112,13,0,0
BRDA:112,13,1,0
BRF:25
BRH:0
end_of_record
TN:
SF:routes/execution.js
FN:12,(anonymous_0)
FN:23,(anonymous_1)
FN:41,(anonymous_2)
FN:54,(anonymous_3)
FN:58,(anonymous_4)
FNF:5
FNH:2
FNDA:12,(anonymous_0)
FNDA:26,(anonymous_1)
FNDA:0,(anonymous_2)
FNDA:0,(anonymous_3)
FNDA:0,(anonymous_4)
DA:5,2
DA:6,2
DA:7,2
DA:8,2
DA:9,2
DA:12,2
DA:13,12
DA:14,12
DA:15,12
DA:16,12
DA:18,0
DA:23,2
DA:24,26
DA:25,26
DA:26,26
DA:28,26
DA:34,26
DA:36,0
DA:41,2
DA:42,0
DA:43,0
DA:46,0
DA:47,0
DA:48,0
DA:49,0
DA:52,0
DA:54,0
DA:55,0
DA:58,0
DA:59,0
DA:63,0
DA:66,0
DA:70,2
LF:33
LH:18
BRDA:46,0,0,0
BRDA:46,0,1,0
BRF:2
BRH:0
end_of_record
TN:
SF:routes/files.js
FN:12,(anonymous_0)
FN:27,(anonymous_1)
FN:44,(anonymous_2)
FN:59,(anonymous_3)
FNF:4
FNH:4
FNDA:5,(anonymous_0)
FNDA:13,(anonymous_1)
FNDA:25,(anonymous_2)
FNDA:3,(anonymous_3)
DA:5,2
DA:6,2
DA:7,2
DA:8,2
DA:9,2
DA:12,2
DA:13,5
DA:14,5
DA:15,5
DA:17,5
DA:22,0
DA:27,2
DA:28,13
DA:29,13
DA:30,13
DA:31,13
DA:32,13
DA:33,12
DA:35,1
DA:36,1
DA:38,0
DA:44,2
DA:45,25
DA:46,25
DA:47,25
DA:48,25
DA:49,25
DA:51,25
DA:52,25
DA:54,0
DA:59,2
DA:60,3
DA:61,3
DA:62,3
DA:63,3
DA:65,3
DA:66,3
DA:68,0
DA:72,2
LF:39
LH:35
BRDA:35,0,0,1
BRDA:35,0,1,0
BRF:2
BRH:1
end_of_record
TN:
SF:routes/workspace.js
FN:18,(anonymous_0)
FN:32,(anonymous_1)
FN:47,(anonymous_2)
FN:62,(anonymous_3)
FN:92,(anonymous_4)
FN:120,(anonymous_5)
FN:132,(anonymous_6)
FN:164,(anonymous_7)
FN:171,(anonymous_8)
FN:172,(anonymous_9)
FN:181,(anonymous_10)
FNF:11
FNH:7
FNDA:8,(anonymous_0)
FNDA:9,(anonymous_1)
FNDA:5,(anonymous_2)
FNDA:5,(anonymous_3)
FNDA:2,(anonymous_4)
FNDA:2,(anonymous_5)
FNDA:2,(anonymous_6)
FNDA:0,(anonymous_7)
FNDA:0,(anonymous_8)
FNDA:0,(anonymous_9)
FNDA:0,(anonymous_10)
DA:5,2
DA:6,2
DA:7,2
DA:8,2
DA:9,2
DA:10,2
DA:11,2
DA:12,2
DA:13,2
DA:15,2
DA:18,2
DA:19,8
DA:20,8
DA:21,8
DA:22,8
DA:24,8
DA:25,8
DA:27,0
DA:32,2
DA:33,9
DA:34,9
DA:35,9
DA:36,9
DA:37,9
DA:39,9
DA:40,9
DA:42,0
DA:47,2
DA:48,5
DA:49,5
DA:50,5
DA:51,5
DA:52,5
DA:54,5
DA:55,5
DA:57,0
DA:62,2
DA:63,5
DA:64,5
DA:65,5
DA:66,5
DA:68,5
DA:69,7
DA:70,7
DA:72,7
DA:73,7
DA:75,7
DA:81,5
DA:86,0
DA:87,0
DA:92,2
DA:93,2
DA:94,2
DA:95,2
DA:96,2
DA:97,2
DA:99,2
DA:101,1
DA:102,1
DA:104,1
DA:105,1
DA:107,1
DA:108,1
DA:111,1
DA:114,0
DA:115,0
DA:120,2
DA:121,2
DA:122,2
DA:123,2
DA:124,2
DA:126,0
DA:127,0
DA:132,2
DA:133,2
DA:134,2
DA:136,2
DA:143,2
DA:144,8
DA:145,8
DA:146,0
DA:148,8
DA:149,0
DA:156,2
DA:158,0
DA:159,0
DA:164,2
DA:165,0
DA:166,0
DA:167,0
DA:169,0
DA:171,0
DA:173,0
DA:174,0
DA:175,0
DA:176,0
DA:181,0
DA:182,0
DA:183,0
DA:184,0
DA:187,0
DA:189,0
DA:190,0
DA:197,2
LF:104
LH:75
BRDA:65,0,0,5
BRDA:65,0,1,4
BRDA:99,1,0,1
BRDA:99,1,1,1
BRDA:148,2,0,0
BRDA:148,2,1,8
BRDA:182,3,0,0
BRDA:182,3,1,0
BRDA:183,4,0,0
BRDA:183,4,1,0
BRF:10
BRH:5
end_of_record
TN:
SF:services/executionService.js
FN:13,checkSyntax
FN:17,(anonymous_1)
FN:63,(anonymous_2)
FN:67,(anonymous_3)
FN:71,(anonymous_4)
FN:73,(anonymous_5)
FN:74,(anonymous_6)
FN:98,executeCode
FN:109,(anonymous_8)
FN:124,(anonymous_9)
FN:128,(anonymous_10)
FN:132,(anonymous_11)
FN:136,(anonymous_12)
FN:137,(anonymous_13)
FN:150,(anonymous_14)
FN:152,(anonymous_15)
FNF:16
FNH:11
FNDA:12,checkSyntax
FNDA:12,(anonymous_1)
FNDA:12,(anonymous_2)
FNDA:0,(anonymous_3)
FNDA:12,(anonymous_4)
FNDA:0,(anonymous_5)
FNDA:12,(anonymous_6)
FNDA:26,executeCode
FNDA:26,(anonymous_8)
FNDA:22,(anonymous_9)
FNDA:29,(anonymous_10)
FNDA:26,(anonymous_11)
FNDA:0,(anonymous_12)
FNDA:26,(anonymous_13)
FNDA:0,(anonymous_14)
FNDA:0,(anonymous_15)
DA:5,2
DA:6,2
DA:7,2
DA:8,2
DA:14,12
DA:15,12
DA:17,12
DA:18,12
DA:60,12
DA:61,12
DA:63,12
DA:64,12
DA:67,12
DA:68,0
DA:71,12
DA:72,12
DA:73,12
DA:74,12
DA:75,12
DA:76,12
DA:78,0
DA:104,26
DA:106,26
DA:107,26
DA:109,26
DA:110,26
DA:115,26
DA:116,26
DA:117,26
DA:119,26
DA:120,3
DA:121,3
DA:124,26
DA:125,22
DA:128,26
DA:129,29
DA:132,26
DA:133,26
DA:135,26
DA:136,26
DA:137,26
DA:139,0
DA:142,26
DA:150,26
DA:151,0
DA:152,0
DA:157,0
DA:167,2
LF:48
LH:42
BRDA:13,0,0,0
BRDA:85,1,0,0
BRDA:85,1,1,0
BRDA:98,2,0,0
BRDA:100,3,0,0
BRDA:101,4,0,0
BRDA:102,5,0,26
BRDA:103,6,0,23
BRDA:119,7,0,3
BRDA:119,7,1,23
BRF:10
BRH:4
end_of_record
TN:
SF:services/fileService.js
FN:11,getDirectoryStructure
FN:36,(anonymous_1)
FN:47,readFile
FN:54,writeFile
FN:62,deleteItem
FN:74,createDirectory
FN:81,moveItem
FN:88,copyItem
FNF:8
FNH:8
FNDA:13,getDirectoryStructure
FNDA:19,(anonymous_1)
FNDA:13,readFile
FNDA:25,writeFile
FNDA:3,deleteItem
FNDA:8,createDirectory
FNDA:9,moveItem
FNDA:11,copyItem
DA:5,3
DA:6,3
DA:12,13
DA:13,13
DA:15,13
DA:16,28
DA:17,28
DA:19,28
DA:20,8
DA:21,8
DA:28,20
DA:36,13
DA:37,19
DA:38,5
DA:40,14
DA:48,13
DA:55,25
DA:56,25
DA:63,3
DA:64,3
DA:65,2
DA:67,1
DA:75,8
DA:82,9
DA:89,11
DA:91,11
DA:92,3
DA:93,3
DA:95,3
DA:96,6
DA:99,8
DA:103,3
LF:32
LH:32
BRDA:19,0,0,8
BRDA:19,0,1,20
BRDA:37,1,0,5
BRDA:37,1,1,14
BRDA:38,2,0,4
BRDA:38,2,1,1
BRDA:64,3,0,2
BRDA:64,3,1,1
BRDA:91,4,0,3
BRDA:91,4,1,8
BRF:10
BRH:10
end_of_record
TN:
SF:utils/logger.js
FN:8,(anonymous_0)
FN:18,(anonymous_1)
FN:21,(anonymous_2)
FN:24,(anonymous_3)
FN:27,(anonymous_4)
FNF:5
FNH:0
FNDA:0,(anonymous_0)
FNDA:0,(anonymous_1)
FNDA:0,(anonymous_2)
FNDA:0,(anonymous_3)
FNDA:0,(anonymous_4)
DA:7,3
DA:9,0
DA:16,0
DA:19,0
DA:22,0
DA:25,0
DA:28,0
DA:29,0
DA:34,3
LF:9
LH:2
BRDA:8,0,0,0
BRDA:28,1,0,0
BRDA:28,1,1,0
BRF:3
BRH:0
end_of_record
TN:
SF:utils/pathUtils.js
FN:24,validateAndResolvePath
FN:42,getBasePath
FNF:2
FNH:1
FNDA:0,validateAndResolvePath
FNDA:16,getBasePath
DA:7,1
DA:8,1
DA:9,1
DA:13,1
DA:26,0
DA:27,0
DA:30,0
DA:31,0
DA:34,0
DA:43,16
DA:46,16
DA:47,16
DA:50,0
DA:51,0
DA:53,0
DA:54,0
DA:58,1
LF:17
LH:8
BRDA:13,0,0,1
BRDA:13,0,1,1
BRDA:14,1,0,0
BRDA:14,1,1,1
BRDA:30,2,0,0
BRDA:30,2,1,0
BRDA:43,3,0,16
BRDA:43,3,1,16
BRDA:46,4,0,16
BRDA:46,4,1,0
BRDA:46,5,0,16
BRDA:46,5,1,0
BRDA:46,5,2,0
BRF:13
BRH:7
end_of_record
